Arguments: 
  /data/data/com.termux/files/usr/bin/node /data/data/com.termux/files/usr/share/yarn/bin/yarn.js

PATH: 
  /data/data/com.termux/files/usr/bin

Yarn version: 
  1.22.19

Node version: 
  19.6.1

Platform: 
  android arm64

Trace: 
  Error: EPERM: operation not permitted, symlink '../../../../pino/bin.js' -> '/storage/emulated/0/Bot/push/node_modules/@adiwajshing/baileys/node_modules/.bin/pino'

npm manifest: 
  {
    "name": "Arulbot-Md",
    "version": "0.0.0",
    "description": "WhatsApp Bot Multi Device",
    "main": "main.js",
    "scripts": {
      "start": "node main.js"
    },
    "author": "Arul",
    "license": "ISC",
    "dependencies": {
      "@adiwajshing/baileys": "^4.4.0",
      "@adiwajshing/keyed-db": "^0.2.4",
      "chalk": "^4.1.2",
      "clui": "^0.3.6",
      "moment-timezone": "^0.5.34",
      "node-webpmux": "^3.1.1",
      "qrcode": "^1.5.0",
      "qrcode-terminal": "^0.12.0"
    }
  }

yarn manifest: 
  No manifest

Lockfile: 
  No lockfile
